2026-01-21 10:05:35,478 - matplotlib - DEBUG - matplotlib data path: /Users/val-kiel/Personal/Fun/maptoposter-web/venv/lib/python3.13/site-packages/matplotlib/mpl-data
2026-01-21 10:05:35,480 - matplotlib - DEBUG - CONFIGDIR=/Users/val-kiel/.matplotlib
2026-01-21 10:05:35,481 - matplotlib - DEBUG - interactive is False
2026-01-21 10:05:35,481 - matplotlib - DEBUG - platform is darwin
2026-01-21 10:05:35,489 - matplotlib - DEBUG - CACHEDIR=/Users/val-kiel/.matplotlib
2026-01-21 10:05:35,490 - matplotlib.font_manager - DEBUG - Using fontManager instance from /Users/val-kiel/.matplotlib/fontlist-v390.json
2026-01-21 10:05:35,570 - matplotlib.pyplot - DEBUG - Loaded backend Agg version v2.2.
2026-01-21 10:05:35,640 - celery.utils.functional - DEBUG - 
def chord(self, header, body, partial_args=0, interval=1, countdown=2, max_retries=3, eager=4, **kwargs):
    return 1

2026-01-21 10:05:35,640 - celery.utils.functional - DEBUG - 
def chord(self, header, body, partial_args=0, interval=1, countdown=2, max_retries=3, eager=4, **kwargs):
    return 1

2026-01-21 10:05:35,640 - celery.utils.functional - DEBUG - 
def chunks(task, it, n):
    return 1

2026-01-21 10:05:35,640 - celery.utils.functional - DEBUG - 
def chunks(task, it, n):
    return 1

2026-01-21 10:05:35,640 - celery.utils.functional - DEBUG - 
def unlock_chord(self, group_id, callback, interval=0, max_retries=1, result=2, Result=3, GroupResult=4, result_from_tuple=5, **kwargs):
    return 1

2026-01-21 10:05:35,640 - celery.utils.functional - DEBUG - 
def unlock_chord(self, group_id, callback, interval=0, max_retries=1, result=2, Result=3, GroupResult=4, result_from_tuple=5, **kwargs):
    return 1

2026-01-21 10:05:35,640 - celery.utils.functional - DEBUG - 
def generate_poster(self, job_id):
    return 1

2026-01-21 10:05:35,640 - celery.utils.functional - DEBUG - 
def generate_poster(self, job_id):
    return 1

2026-01-21 10:05:35,640 - celery.utils.functional - DEBUG - 
def generate_batch_posters(self, batch_id, job_ids):
    return 1

2026-01-21 10:05:35,640 - celery.utils.functional - DEBUG - 
def generate_batch_posters(self, batch_id, job_ids):
    return 1

2026-01-21 10:05:35,641 - celery.utils.functional - DEBUG - 
def group(self, tasks, result, group_id, partial_args, add_to_parent=0):
    return 1

2026-01-21 10:05:35,641 - celery.utils.functional - DEBUG - 
def group(self, tasks, result, group_id, partial_args, add_to_parent=0):
    return 1

2026-01-21 10:05:35,641 - celery.utils.functional - DEBUG - 
def xmap(task, it):
    return 1

2026-01-21 10:05:35,641 - celery.utils.functional - DEBUG - 
def xmap(task, it):
    return 1

2026-01-21 10:05:35,641 - celery.utils.functional - DEBUG - 
def backend_cleanup():
    return 1

2026-01-21 10:05:35,641 - celery.utils.functional - DEBUG - 
def backend_cleanup():
    return 1

2026-01-21 10:05:35,641 - celery.utils.functional - DEBUG - 
def chain(*args, **kwargs):
    return 1

2026-01-21 10:05:35,641 - celery.utils.functional - DEBUG - 
def chain(*args, **kwargs):
    return 1

2026-01-21 10:05:35,641 - celery.utils.functional - DEBUG - 
def xstarmap(task, it):
    return 1

2026-01-21 10:05:35,641 - celery.utils.functional - DEBUG - 
def xstarmap(task, it):
    return 1

2026-01-21 10:05:35,641 - celery.utils.functional - DEBUG - 
def accumulate(self, *args, **kwargs):
    return 1

2026-01-21 10:05:35,641 - celery.utils.functional - DEBUG - 
def accumulate(self, *args, **kwargs):
    return 1

2026-01-21 10:07:33,864 - matplotlib - DEBUG - matplotlib data path: /Users/val-kiel/Personal/Fun/maptoposter-web/venv/lib/python3.13/site-packages/matplotlib/mpl-data
2026-01-21 10:07:33,865 - matplotlib - DEBUG - CONFIGDIR=/Users/val-kiel/.matplotlib
2026-01-21 10:07:33,866 - matplotlib - DEBUG - interactive is False
2026-01-21 10:07:33,866 - matplotlib - DEBUG - platform is darwin
2026-01-21 10:07:33,874 - matplotlib - DEBUG - CACHEDIR=/Users/val-kiel/.matplotlib
2026-01-21 10:07:33,875 - matplotlib.font_manager - DEBUG - Using fontManager instance from /Users/val-kiel/.matplotlib/fontlist-v390.json
2026-01-21 10:07:33,972 - matplotlib.pyplot - DEBUG - Loaded backend Agg version v2.2.
2026-01-21 10:07:34,020 - celery.utils.functional - DEBUG - 
def chain(*args, **kwargs):
    return 1

2026-01-21 10:07:34,020 - celery.utils.functional - DEBUG - 
def chain(*args, **kwargs):
    return 1

2026-01-21 10:07:34,020 - celery.utils.functional - DEBUG - 
def xstarmap(task, it):
    return 1

2026-01-21 10:07:34,020 - celery.utils.functional - DEBUG - 
def xstarmap(task, it):
    return 1

2026-01-21 10:07:34,020 - celery.utils.functional - DEBUG - 
def accumulate(self, *args, **kwargs):
    return 1

2026-01-21 10:07:34,020 - celery.utils.functional - DEBUG - 
def accumulate(self, *args, **kwargs):
    return 1

2026-01-21 10:07:34,021 - celery.utils.functional - DEBUG - 
def chord(self, header, body, partial_args=0, interval=1, countdown=2, max_retries=3, eager=4, **kwargs):
    return 1

2026-01-21 10:07:34,021 - celery.utils.functional - DEBUG - 
def chord(self, header, body, partial_args=0, interval=1, countdown=2, max_retries=3, eager=4, **kwargs):
    return 1

2026-01-21 10:07:34,021 - celery.utils.functional - DEBUG - 
def chunks(task, it, n):
    return 1

2026-01-21 10:07:34,021 - celery.utils.functional - DEBUG - 
def chunks(task, it, n):
    return 1

2026-01-21 10:07:34,021 - celery.utils.functional - DEBUG - 
def unlock_chord(self, group_id, callback, interval=0, max_retries=1, result=2, Result=3, GroupResult=4, result_from_tuple=5, **kwargs):
    return 1

2026-01-21 10:07:34,021 - celery.utils.functional - DEBUG - 
def unlock_chord(self, group_id, callback, interval=0, max_retries=1, result=2, Result=3, GroupResult=4, result_from_tuple=5, **kwargs):
    return 1

2026-01-21 10:07:34,021 - celery.utils.functional - DEBUG - 
def generate_poster(self, job_id):
    return 1

2026-01-21 10:07:34,021 - celery.utils.functional - DEBUG - 
def generate_poster(self, job_id):
    return 1

2026-01-21 10:07:34,021 - celery.utils.functional - DEBUG - 
def generate_batch_posters(self, batch_id, job_ids):
    return 1

2026-01-21 10:07:34,021 - celery.utils.functional - DEBUG - 
def generate_batch_posters(self, batch_id, job_ids):
    return 1

2026-01-21 10:07:34,021 - celery.utils.functional - DEBUG - 
def group(self, tasks, result, group_id, partial_args, add_to_parent=0):
    return 1

2026-01-21 10:07:34,021 - celery.utils.functional - DEBUG - 
def group(self, tasks, result, group_id, partial_args, add_to_parent=0):
    return 1

2026-01-21 10:07:34,021 - celery.utils.functional - DEBUG - 
def xmap(task, it):
    return 1

2026-01-21 10:07:34,021 - celery.utils.functional - DEBUG - 
def xmap(task, it):
    return 1

2026-01-21 10:07:34,021 - celery.utils.functional - DEBUG - 
def backend_cleanup():
    return 1

2026-01-21 10:07:34,021 - celery.utils.functional - DEBUG - 
def backend_cleanup():
    return 1

2026-01-21 10:17:37,269 - celery.utils.functional - DEBUG - 
def chain(*args, **kwargs):
    return 1

2026-01-21 10:17:37,269 - celery.utils.functional - DEBUG - 
def generate_batch_posters(self, batch_id, job_ids):
    return 1

2026-01-21 10:17:37,269 - celery.utils.functional - DEBUG - 
def xstarmap(task, it):
    return 1

2026-01-21 10:17:37,269 - celery.utils.functional - DEBUG - 
def accumulate(self, *args, **kwargs):
    return 1

2026-01-21 10:17:37,270 - celery.utils.functional - DEBUG - 
def chord(self, header, body, partial_args=0, interval=1, countdown=2, max_retries=3, eager=4, **kwargs):
    return 1

2026-01-21 10:17:37,270 - celery.utils.functional - DEBUG - 
def chunks(task, it, n):
    return 1

2026-01-21 10:17:37,270 - celery.utils.functional - DEBUG - 
def generate_poster(self, job_id):
    return 1

2026-01-21 10:17:37,270 - celery.utils.functional - DEBUG - 
def unlock_chord(self, group_id, callback, interval=0, max_retries=1, result=2, Result=3, GroupResult=4, result_from_tuple=5, **kwargs):
    return 1

2026-01-21 10:17:37,270 - celery.utils.functional - DEBUG - 
def group(self, tasks, result, group_id, partial_args, add_to_parent=0):
    return 1

2026-01-21 10:17:37,270 - celery.utils.functional - DEBUG - 
def xmap(task, it):
    return 1

2026-01-21 10:17:37,270 - celery.utils.functional - DEBUG - 
def backend_cleanup():
    return 1

