============================================================
City Map Poster Generator - Web Application
============================================================
Starting Flask server on http://0.0.0.0:5000
Debug mode: True
============================================================
 * Serving Flask app 'app'
 * Debug mode: on
============================================================
City Map Poster Generator - Web Application
============================================================
Starting Flask server on http://0.0.0.0:5000
Debug mode: True
============================================================
============================================================
City Map Poster Generator - Web Application
============================================================
Starting Flask server on http://0.0.0.0:5000
Debug mode: True
============================================================
============================================================
City Map Poster Generator - Web Application
============================================================
Starting Flask server on http://0.0.0.0:5000
Debug mode: True
============================================================
============================================================
City Map Poster Generator - Web Application
============================================================
Starting Flask server on http://0.0.0.0:5000
Debug mode: True
============================================================
============================================================
City Map Poster Generator - Web Application
============================================================
Starting Flask server on http://0.0.0.0:5000
Debug mode: True
============================================================
nerator - INFO - Batch generation started for Saint Petersburg, Northwestern Federal District with 17 themes
2026-01-21 10:17:57,952 - app.services.map_generator - INFO - Looking up coordinates...
2026-01-21 10:17:59,550 - app.services.map_generator - INFO - Found: Санкт-Петербург, Северо-Западный федеральный округ, Россия
2026-01-21 10:17:59,550 - app.services.map_generator - INFO - Coordinates: 59.9606739, 30.1586551
2026-01-21 10:17:59,551 - app.utils.batch_poster_generator - INFO - Coordinates found: (59.9606739, 30.1586551)
2026-01-21 10:17:59,551 - app.utils.batch_poster_generator - INFO - Fetching map data for distance=29000m
2026-01-21 10:17:59,551 - app.services.map_generator - INFO - Fetching map data for coordinates (59.9606739, 30.1586551)...
2026-01-21 10:17:59,551 - app.services.map_generator - INFO - Downloading map data in parallel (3 concurrent requests)...
2026-01-21 10:17:59,551 - app.services.map_generator - INFO - Starting street network download...
2026-01-21 10:17:59,551 - app.services.map_generator - INFO - Starting water features download...
2026-01-21 10:17:59,552 - app.services.map_generator - INFO - Starting parks download...
2026-01-21 10:18:21,159 - app.services.map_generator - INFO - Water features downloaded
2026-01-21 10:18:21,160 - app.services.map_generator - INFO - [1/3] water completed
2026-01-21 10:18:27,113 - app.services.map_generator - INFO - Parks downloaded
2026-01-21 10:18:27,114 - app.services.map_generator - INFO - [2/3] parks completed
2026-01-21 10:20:10,746 - app.services.map_generator - INFO - Street network downloaded
2026-01-21 10:20:10,747 - app.services.map_generator - INFO - [3/3] streets completed
2026-01-21 10:20:16,248 - app.services.map_generator - INFO - All data downloaded successfully!
2026-01-21 10:20:16,346 - app.utils.batch_poster_generator - INFO - Map data fetched successfully
2026-01-21 10:20:16,346 - app.utils.batch_poster_generator - INFO - Starting SEQUENTIAL rendering of 17 themes (matplotlib thread-safety)
2026-01-21 10:20:16,346 - app.utils.batch_poster_generator - WARNING - Note: Parallel rendering disabled due to matplotlib thread-safety issues
2026-01-21 10:20:16,346 - app.utils.batch_poster_generator - INFO - [1/17] Starting render: autumn
2026-01-21 10:20:16,346 - app.utils.batch_poster_generator - INFO - Loading theme: autumn
2026-01-21 10:20:16,347 - app.services.map_generator - INFO - Loaded theme: Autumn
2026-01-21 10:20:16,347 - app.utils.batch_poster_generator - INFO - Rendering autumn to posters/saint_petersburg_autumn_20260121_102016.png
2026-01-21 10:20:16,347 - app.services.map_generator - INFO - Rendering map for Saint Petersburg, Northwestern Federal District...
2026-01-21 10:20:16,347 - app.services.map_generator - INFO - Theme: Autumn
2026-01-21 10:20:16,347 - app.services.map_generator - INFO - Output: posters/saint_petersburg_autumn_20260121_102016.png
2026-01-21 10:20:16,347 - app.services.map_generator - INFO - Preview mode: False
2026-01-21 10:20:16,770 - app.services.map_generator - INFO - Map data - Graph edges: 1515122, Water features: 4298, Parks: 39288
2026-01-21 10:20:16,784 - app.services.map_generator - INFO - Plotting 4298 water features with color #D8CFC0
2026-01-21 10:20:17,023 - app.services.map_generator - INFO - Plotting 39288 park features with color #E8E0D0
2026-01-21 10:20:18,830 - app.services.map_generator - INFO - Applying road hierarchy colors to 1515122 edges...
2026-01-21 10:20:19,309 - app.services.map_generator - INFO - Generated 1515122 edge colors and 1515122 edge widths
2026-01-21 10:20:50,906 - app.services.map_generator - INFO - Saving to posters/saint_petersburg_autumn_20260121_102016.png... (DPI: 300)
2026-01-21 10:20:57,184 - app.services.map_generator - INFO - Done! Poster saved as posters/saint_petersburg_autumn_20260121_102016.png
2026-01-21 10:20:57,184 - app.services.map_generator - INFO - File verified: 11.24 MB
2026-01-21 10:20:57,190 - app.utils.batch_poster_generator - INFO - Image dimensions: 3600x4800
2026-01-21 10:20:57,190 - app.utils.batch_poster_generator - INFO - Theme 'autumn' rendered successfully in 40.84s (3600x4800)
2026-01-21 10:20:57,190 - app.utils.batch_poster_generator - INFO - Theme 'autumn' rendered successfully in 40.84s
2026-01-21 10:20:57,190 - app.utils.batch_poster_generator - INFO -   File: saint_petersburg_autumn_20260121_102016.png (11.24 MB)
2026-01-21 10:20:57,190 - app.utils.batch_poster_generator - INFO - [2/17] Starting render: blueprint
2026-01-21 10:20:57,190 - app.utils.batch_poster_generator - INFO - Loading theme: blueprint
2026-01-21 10:20:57,190 - app.services.map_generator - INFO - Loaded theme: Blueprint
2026-01-21 10:20:57,190 - app.utils.batch_poster_generator - INFO - Rendering blueprint to posters/saint_petersburg_blueprint_20260121_102016.png
2026-01-21 10:20:57,190 - app.services.map_generator - INFO - Rendering map for Saint Petersburg, Northwestern Federal District...
2026-01-21 10:20:57,190 - app.services.map_generator - INFO - Theme: Blueprint
2026-01-21 10:20:57,191 - app.services.map_generator - INFO - Output: posters/saint_petersburg_blueprint_20260121_102016.png
2026-01-21 10:20:57,191 - app.services.map_generator - INFO - Preview mode: False
2026-01-21 10:20:57,600 - app.services.map_generator - INFO - Map data - Graph edges: 1515122, Water features: 4298, Parks: 39288
2026-01-21 10:20:57,603 - app.services.map_generator - INFO - Plotting 4298 water features with color #0F2840
2026-01-21 10:20:57,871 - app.services.map_generator - INFO - Plotting 39288 park features with color #1E4570
2026-01-21 10:21:02,074 - app.services.map_generator - INFO - Applying road hierarchy colors to 1515122 edges...
2026-01-21 10:21:02,576 - app.services.map_generator - INFO - Generated 1515122 edge colors and 1515122 edge widths
2026-01-21 10:21:33,323 - app.services.map_generator - INFO - Saving to posters/saint_petersburg_blueprint_20260121_102016.png... (DPI: 300)
2026-01-21 10:21:39,603 - app.services.map_generator - INFO - Done! Poster saved as posters/saint_petersburg_blueprint_20260121_102016.png
2026-01-21 10:21:39,604 - app.services.map_generator - INFO - File verified: 10.92 MB
2026-01-21 10:21:39,610 - app.utils.batch_poster_generator - INFO - Image dimensions: 3600x4800
2026-01-21 10:21:39,610 - app.utils.batch_poster_generator - INFO - Theme 'blueprint' rendered successfully in 42.42s (3600x4800)
2026-01-21 10:21:39,610 - app.utils.batch_poster_generator - INFO - Theme 'blueprint' rendered successfully in 42.42s
2026-01-21 10:21:39,610 - app.utils.batch_poster_generator - INFO -   File: saint_petersburg_blueprint_20260121_102016.png (10.92 MB)
2026-01-21 10:21:39,610 - app.utils.batch_poster_generator - INFO - [3/17] Starting render: contrast_zones
2026-01-21 10:21:39,610 - app.utils.batch_poster_generator - INFO - Loading theme: contrast_zones
2026-01-21 10:21:39,610 - app.services.map_generator - INFO - Loaded theme: Contrast Zones
2026-01-21 10:21:39,610 - app.utils.batch_poster_generator - INFO - Rendering contrast_zones to posters/saint_petersburg_contrast_zones_20260121_102016.png
2026-01-21 10:21:39,610 - app.services.map_generator - INFO - Rendering map for Saint Petersburg, Northwestern Federal District...
2026-01-21 10:21:39,610 - app.services.map_generator - INFO - Theme: Contrast Zones
2026-01-21 10:21:39,610 - app.services.map_generator - INFO - Output: posters/saint_petersburg_contrast_zones_20260121_102016.png
2026-01-21 10:21:39,610 - app.services.map_generator - INFO - Preview mode: False
2026-01-21 10:21:40,015 - app.services.map_generator - INFO - Map data - Graph edges: 1515122, Water features: 4298, Parks: 39288
2026-01-21 10:21:40,017 - app.services.map_generator - INFO - Plotting 4298 water features with color #B0B0B0
2026-01-21 10:21:40,186 - app.services.map_generator - INFO - Plotting 39288 park features with color #ECECEC
2026-01-21 10:21:44,013 - app.services.map_generator - INFO - Applying road hierarchy colors to 1515122 edges...
2026-01-21 10:21:44,513 - app.services.map_generator - INFO - Generated 1515122 edge colors and 1515122 edge widths
2026-01-21 10:22:18,702 - app - INFO - Celery configured in eager mode (synchronous task execution)
2026-01-21 10:22:19,492 - app - INFO - API blueprints registered
2026-01-21 10:22:19,495 - app - INFO - Database tables created
2026-01-21 10:22:19,495 - app - INFO - Flask app created with config: DevelopmentConfig
2026-01-21 10:22:32,205 - app - INFO - Celery configured in eager mode (synchronous task execution)
2026-01-21 10:22:32,710 - app - INFO - API blueprints registered
2026-01-21 10:22:32,712 - app - INFO - Database tables created
2026-01-21 10:22:32,712 - app - INFO - Flask app created with config: DevelopmentConfig
2026-01-21 10:23:18,492 - app - INFO - Celery configured in eager mode (synchronous task execution)
2026-01-21 10:23:18,986 - app - INFO - API blueprints registered
2026-01-21 10:23:18,988 - app - INFO - Database tables created
2026-01-21 10:23:18,988 - app - INFO - Flask app created with config: DevelopmentConfig
2026-01-21 10:23:53,347 - app - INFO - Celery configured in eager mode (synchronous task execution)
2026-01-21 10:23:53,921 - app - INFO - API blueprints registered
2026-01-21 10:23:53,922 - app - INFO - Database tables created
2026-01-21 10:23:53,922 - app - INFO - Flask app created with config: DevelopmentConfig
2026-01-21 10:24:47,929 - app - INFO - Celery configured in eager mode (synchronous task execution)
2026-01-21 10:24:48,495 - app - INFO - API blueprints registered
2026-01-21 10:24:48,496 - app - INFO - Database tables created
2026-01-21 10:24:48,496 - app - INFO - Flask app created with config: DevelopmentConfig
